c:\users\dnfki\desktop\kmru\usermode\x64\imgui_draw.obj
c:\users\dnfki\desktop\kmru\usermode\x64\imgui.obj
c:\users\dnfki\desktop\kmru\usermode\x64\imgui_widgets.obj
c:\users\dnfki\desktop\kmru\usermode\x64\imgui_impl_dx11.obj
c:\users\dnfki\desktop\kmru\usermode\x64\entrypoint.obj
c:\users\dnfki\desktop\kmru\usermode\x64\driver.obj
c:\users\dnfki\desktop\kmru\usermode\x64\imgui_demo.obj
c:\users\dnfki\desktop\kmru\usermode\x64\imgui_tables.obj
c:\users\dnfki\desktop\kmru\usermode\x64\imgui_impl_win32.obj
c:\users\dnfki\desktop\kmru\x64\communicateuse.exe
c:\users\dnfki\desktop\kmru\usermode\x64\direct.obj
c:\users\dnfki\desktop\kmru\usermode\x64\communicateuse.ipdb
c:\users\dnfki\desktop\kmru\usermode\x64\communicateuse.iobj
c:\users\dnfki\desktop\kmru\usermode\x64\usermode.tlog\cl.command.1.tlog
c:\users\dnfki\desktop\kmru\usermode\x64\usermode.tlog\cl.items.tlog
c:\users\dnfki\desktop\kmru\usermode\x64\usermode.tlog\cl.read.1.tlog
c:\users\dnfki\desktop\kmru\usermode\x64\usermode.tlog\cl.write.1.tlog
c:\users\dnfki\desktop\kmru\usermode\x64\usermode.tlog\link.command.1.tlog
c:\users\dnfki\desktop\kmru\usermode\x64\usermode.tlog\link.read.1.tlog
c:\users\dnfki\desktop\kmru\usermode\x64\usermode.tlog\link.secondary.1.tlog
c:\users\dnfki\desktop\kmru\usermode\x64\usermode.tlog\link.write.1.tlog
c:\users\dnfki\desktop\kmru\usermode\x64\usermode.tlog\masm.read.1u.tlog
c:\users\dnfki\desktop\kmru\usermode\x64\usermode.tlog\masm.write.1u.tlog
