c:\users\dnfki\desktop\kmru\driver-communication\x64\driver.obj
c:\users\dnfki\desktop\kmru\driver-communication\x64\imgui_widgets.obj
c:\users\dnfki\desktop\kmru\driver-communication\x64\imgui_tables.obj
c:\users\dnfki\desktop\kmru\driver-communication\x64\imgui_impl_win32.obj
c:\users\dnfki\desktop\kmru\driver-communication\x64\imgui_impl_dx11.obj
c:\users\dnfki\desktop\kmru\driver-communication\x64\imgui_draw.obj
c:\users\dnfki\desktop\kmru\driver-communication\x64\imgui_demo.obj
c:\users\dnfki\desktop\kmru\driver-communication\x64\imgui.obj
c:\users\dnfki\desktop\kmru\driver-communication\x64\entrypoint.obj
c:\users\dnfki\desktop\kmru\x64\communicateuser.exe
c:\users\dnfki\desktop\kmru\driver-communication\x64\direct.obj
c:\users\dnfki\desktop\kmru\driver-communication\x64\communicateuser.ipdb
c:\users\dnfki\desktop\kmru\driver-communication\x64\communicateuser.iobj
c:\users\dnfki\desktop\kmru\driver-communication\x64\sdk.obj
c:\users\dnfki\desktop\kmru\driver-communication\x64\driver-c.408b9e7f.tlog\cl.command.1.tlog
c:\users\dnfki\desktop\kmru\driver-communication\x64\driver-c.408b9e7f.tlog\cl.items.tlog
c:\users\dnfki\desktop\kmru\driver-communication\x64\driver-c.408b9e7f.tlog\cl.read.1.tlog
c:\users\dnfki\desktop\kmru\driver-communication\x64\driver-c.408b9e7f.tlog\cl.write.1.tlog
c:\users\dnfki\desktop\kmru\driver-communication\x64\driver-c.408b9e7f.tlog\link.command.1.tlog
c:\users\dnfki\desktop\kmru\driver-communication\x64\driver-c.408b9e7f.tlog\link.read.1.tlog
c:\users\dnfki\desktop\kmru\driver-communication\x64\driver-c.408b9e7f.tlog\link.secondary.1.tlog
c:\users\dnfki\desktop\kmru\driver-communication\x64\driver-c.408b9e7f.tlog\link.write.1.tlog
c:\users\dnfki\desktop\kmru\driver-communication\x64\driver-c.408b9e7f.tlog\masm.read.1u.tlog
c:\users\dnfki\desktop\kmru\driver-communication\x64\driver-c.408b9e7f.tlog\masm.write.1u.tlog
